[2025-09-05 07:34:30,875: INFO: common: yaml file: config\config.yaml loaded successfully]
[2025-09-05 07:34:30,916: INFO: common: yaml file: params.yaml loaded successfully]
[2025-09-05 07:34:30,923: INFO: common: created directory at: artifacts]
[2025-09-05 07:34:30,928: INFO: common: created directory at: artifacts/data_ingestion]
[2025-09-05 07:34:30,934: INFO: 986331348: Downloading data from https://drive.google.com/file/d/1vlhZ5c7abUKF8xXERIw6m9Te8fW7ohw3/view?usp=sharing into file artifacts/data_ingestion/data.zip]
[2025-09-05 07:35:24,876: INFO: 986331348: Downloaded data from https://drive.google.com/file/d/1vlhZ5c7abUKF8xXERIw6m9Te8fW7ohw3/view?usp=sharing into file artifacts/data_ingestion/data.zip]
[2025-09-06 06:25:27,747: INFO: main: >>>>>> stage Data Ingestion stage started <<<<<<]
[2025-09-06 06:25:27,774: INFO: common: yaml file: config\config.yaml loaded successfully]
[2025-09-06 06:25:27,803: INFO: common: yaml file: params.yaml loaded successfully]
[2025-09-06 06:25:27,816: INFO: common: created directory at: artifacts]
[2025-09-06 06:25:27,827: INFO: common: created directory at: artifacts/data_ingestion]
[2025-09-06 06:25:27,838: INFO: data_ingestion: Downloading data from https://drive.google.com/file/d/1vlhZ5c7abUKF8xXERIw6m9Te8fW7ohw3/view?usp=sharing into file artifacts/data_ingestion/data.zip]
[2025-09-06 06:26:24,138: INFO: data_ingestion: Downloaded data from https://drive.google.com/file/d/1vlhZ5c7abUKF8xXERIw6m9Te8fW7ohw3/view?usp=sharing into file artifacts/data_ingestion/data.zip]
[2025-09-06 06:26:25,522: INFO: main: >>>>>> stage Data Ingestion stage completed <<<<<<

x==========x]
[2025-09-06 06:40:53,730: INFO: main: >>>>>> stage Data Ingestion stage started <<<<<<]
[2025-09-06 06:40:53,737: INFO: common: yaml file: config\config.yaml loaded successfully]
[2025-09-06 06:40:53,743: INFO: common: yaml file: params.yaml loaded successfully]
[2025-09-06 06:40:53,752: INFO: common: created directory at: artifacts]
[2025-09-06 06:40:53,766: INFO: common: created directory at: artifacts/data_ingestion]
[2025-09-06 06:40:53,774: INFO: data_ingestion: Downloading data from https://drive.google.com/file/d/1vlhZ5c7abUKF8xXERIw6m9Te8fW7ohw3/view?usp=sharing into file artifacts/data_ingestion/data.zip]
[2025-09-06 06:41:46,097: INFO: data_ingestion: Downloaded data from https://drive.google.com/file/d/1vlhZ5c7abUKF8xXERIw6m9Te8fW7ohw3/view?usp=sharing into file artifacts/data_ingestion/data.zip]
[2025-09-06 06:41:47,464: INFO: main: >>>>>> stage Data Ingestion stage completed <<<<<<

x==========x]
[2025-09-06 06:48:52,585: INFO: common: yaml file: config\config.yaml loaded successfully]
[2025-09-06 06:48:52,593: INFO: common: yaml file: params.yaml loaded successfully]
[2025-09-06 06:48:52,598: INFO: common: created directory at: artifacts]
[2025-09-06 07:01:43,548: INFO: common: yaml file: config\config.yaml loaded successfully]
[2025-09-06 07:01:43,561: INFO: common: yaml file: params.yaml loaded successfully]
[2025-09-06 07:01:43,564: INFO: common: created directory at: artifacts]
[2025-09-06 07:01:43,566: INFO: common: created directory at: artifacts/prepare_base_model]
[2025-09-06 07:02:37,891: WARNING: saving_utils: Compiled the loaded model, but the compiled metrics have yet to be built. `model.compile_metrics` will be empty until you train or evaluate the model.]
[2025-09-06 08:15:47,180: INFO: common: yaml file: config\config.yaml loaded successfully]
[2025-09-06 08:15:47,198: INFO: common: yaml file: params.yaml loaded successfully]
[2025-09-06 08:15:47,207: INFO: common: created directory at: artifacts]
[2025-09-06 08:15:47,212: INFO: common: created directory at: artifacts/prepare_base_model]
[2025-09-06 08:15:48,485: WARNING: saving_utils: Compiled the loaded model, but the compiled metrics have yet to be built. `model.compile_metrics` will be empty until you train or evaluate the model.]
[2025-09-06 08:20:19,735: INFO: main: >>>>>> stage Data Ingestion stage started <<<<<<]
[2025-09-06 08:20:19,750: INFO: common: yaml file: config\config.yaml loaded successfully]
[2025-09-06 08:20:19,771: INFO: common: yaml file: params.yaml loaded successfully]
[2025-09-06 08:20:19,809: INFO: common: created directory at: artifacts]
[2025-09-06 08:20:19,828: INFO: common: created directory at: artifacts/data_ingestion]
[2025-09-06 08:20:19,844: INFO: data_ingestion: Downloading data from https://drive.google.com/file/d/1vlhZ5c7abUKF8xXERIw6m9Te8fW7ohw3/view?usp=sharing into file artifacts/data_ingestion/data.zip]
[2025-09-06 08:21:09,488: INFO: data_ingestion: Downloaded data from https://drive.google.com/file/d/1vlhZ5c7abUKF8xXERIw6m9Te8fW7ohw3/view?usp=sharing into file artifacts/data_ingestion/data.zip]
[2025-09-06 08:21:10,367: INFO: main: >>>>>> stage Data Ingestion stage completed <<<<<<

x==========x]
[2025-09-06 08:21:10,381: INFO: main: *******************]
[2025-09-06 08:21:10,388: INFO: main: >>>>>> stage Prepare base model started <<<<<<]
[2025-09-06 08:21:10,394: INFO: common: yaml file: config\config.yaml loaded successfully]
[2025-09-06 08:21:10,402: INFO: common: yaml file: params.yaml loaded successfully]
[2025-09-06 08:21:10,407: INFO: common: created directory at: artifacts]
[2025-09-06 08:21:10,413: INFO: common: created directory at: artifacts/prepare_base_model]
[2025-09-06 08:21:11,045: WARNING: saving_utils: Compiled the loaded model, but the compiled metrics have yet to be built. `model.compile_metrics` will be empty until you train or evaluate the model.]
[2025-09-06 08:21:11,598: INFO: main: >>>>>> stage Prepare base model completed <<<<<<

x==========x]
